# JRE version: OpenJDK Runtime Environment Temurin-17.0.9+9 (17.0.9+9) (build 17.0.9+9)
# Java VM: OpenJDK 64-Bit Server VM Temurin-17.0.9+9 (17.0.9+9, mixed mode, sharing, tiered, compressed oops, compressed class ptrs, g1 gc, windows-amd64)
GC Precious Log:
 CPUs: 20 total, 20 available
 Memory: 32509M
 Large Page Support: Disabled
 NUMA Support: Disabled
 Compressed Oops: Enabled (Zero based)
 Heap Region Size: 2M
 Heap Min Capacity: 8M
 Heap Initial Capacity: 508M
 Heap Max Capacity: 4G
 Pre-touch: Disabled
 Parallel Workers: 15
 Concurrent Workers: 4
 Concurrent Refinement Workers: 15
 Periodic GC: Disabled
Heap:
 garbage-first heap   total 122880K, used 77316K [0x0000000700000000, 0x0000000800000000)
  region size 2048K, 22 young (45056K), 3 survivors (6144K)
 Metaspace       used 57767K, committed 58368K, reserved 1114112K
  class space    used 8302K, committed 8640K, reserved 1048576K
GC Heap History (20 events):
Event: 0.535 GC heap before
{Heap before GC invocations=1 (full 0):
 garbage-first heap   total 520192K, used 36954K [0x0000000700000000, 0x0000000800000000)
  region size 2048K, 16 young (32768K), 2 survivors (4096K)
 Metaspace       used 4074K, committed 4224K, reserved 1114112K
  class space    used 492K, committed 576K, reserved 1048576K
}
Event: 0.537 GC heap after
{Heap after GC invocations=2 (full 0):
 garbage-first heap   total 520192K, used 11883K [0x0000000700000000, 0x0000000800000000)
  region size 2048K, 1 young (2048K), 1 survivors (2048K)
 Metaspace       used 4074K, committed 4224K, reserved 1114112K
  class space    used 492K, committed 576K, reserved 1048576K
}
Event: 1.694 GC heap before
{Heap before GC invocations=2 (full 0):
 garbage-first heap   total 520192K, used 132715K [0x0000000700000000, 0x0000000800000000)
  region size 2048K, 62 young (126976K), 1 survivors (2048K)
 Metaspace       used 21202K, committed 21504K, reserved 1114112K
  class space    used 3131K, committed 3328K, reserved 1048576K
}
Event: 1.699 GC heap after
{Heap after GC invocations=3 (full 0):
 garbage-first heap   total 520192K, used 21749K [0x0000000700000000, 0x0000000800000000)
  region size 2048K, 6 young (12288K), 6 survivors (12288K)
 Metaspace       used 21202K, committed 21504K, reserved 1114112K
  class space    used 3131K, committed 3328K, reserved 1048576K
}
Event: 2.118 GC heap before
{Heap before GC invocations=4 (full 0):
 garbage-first heap   total 90112K, used 62709K [0x0000000700000000, 0x0000000800000000)
  region size 2048K, 26 young (53248K), 6 survivors (12288K)
 Metaspace       used 26345K, committed 26688K, reserved 1114112K
  class space    used 3928K, committed 4096K, reserved 1048576K
}
Event: 2.123 GC heap after
{Heap after GC invocations=5 (full 0):
 garbage-first heap   total 90112K, used 24218K [0x0000000700000000, 0x0000000800000000)
  region size 2048K, 2 young (4096K), 2 survivors (4096K)
 Metaspace       used 26345K, committed 26688K, reserved 1114112K
  class space    used 3928K, committed 4096K, reserved 1048576K
}
Event: 2.140 GC heap before
{Heap before GC invocations=5 (full 0):
 garbage-first heap   total 90112K, used 24218K [0x0000000700000000, 0x0000000800000000)
  region size 2048K, 3 young (6144K), 2 survivors (4096K)
 Metaspace       used 26582K, committed 26944K, reserved 1114112K
  class space    used 3975K, committed 4160K, reserved 1048576K
}
Event: 2.141 GC heap after
{Heap after GC invocations=6 (full 0):
 garbage-first heap   total 90112K, used 24561K [0x0000000700000000, 0x0000000800000000)
  region size 2048K, 1 young (2048K), 1 survivors (2048K)
 Metaspace       used 26582K, committed 26944K, reserved 1114112K
  class space    used 3975K, committed 4160K, reserved 1048576K
}
Event: 2.391 GC heap before
{Heap before GC invocations=6 (full 0):
 garbage-first heap   total 90112K, used 61425K [0x0000000700000000, 0x0000000800000000)
  region size 2048K, 20 young (40960K), 1 survivors (2048K)
 Metaspace       used 31674K, committed 32000K, reserved 1114112K
  class space    used 4464K, committed 4608K, reserved 1048576K
}
Event: 2.394 GC heap after
{Heap after GC invocations=7 (full 0):
 garbage-first heap   total 90112K, used 28480K [0x0000000700000000, 0x0000000800000000)
  region size 2048K, 3 young (6144K), 3 survivors (6144K)
 Metaspace       used 31674K, committed 32000K, reserved 1114112K
  class space    used 4464K, committed 4608K, reserved 1048576K
}
Event: 2.681 GC heap before
{Heap before GC invocations=7 (full 0):
 garbage-first heap   total 90112K, used 65344K [0x0000000700000000, 0x0000000800000000)
  region size 2048K, 20 young (40960K), 3 survivors (6144K)
 Metaspace       used 34034K, committed 34432K, reserved 1114112K
  class space    used 4717K, committed 4928K, reserved 1048576K
}
Event: 2.684 GC heap after
{Heap after GC invocations=8 (full 0):
 garbage-first heap   total 90112K, used 31094K [0x0000000700000000, 0x0000000800000000)
  region size 2048K, 2 young (4096K), 2 survivors (4096K)
 Metaspace       used 34034K, committed 34432K, reserved 1114112K
  class space    used 4717K, committed 4928K, reserved 1048576K
}
Event: 2.917 GC heap before
{Heap before GC invocations=8 (full 0):
 garbage-first heap   total 90112K, used 53622K [0x0000000700000000, 0x0000000800000000)
  region size 2048K, 15 young (30720K), 2 survivors (4096K)
 Metaspace       used 35646K, committed 36096K, reserved 1114112K
  class space    used 4907K, committed 5120K, reserved 1048576K
}
Event: 2.920 GC heap after
{Heap after GC invocations=9 (full 0):
 garbage-first heap   total 305152K, used 32550K [0x0000000700000000, 0x0000000800000000)
  region size 2048K, 3 young (6144K), 3 survivors (6144K)
 Metaspace       used 35646K, committed 36096K, reserved 1114112K
  class space    used 4907K, committed 5120K, reserved 1048576K
}
Event: 3.696 GC heap before
{Heap before GC invocations=10 (full 0):
 garbage-first heap   total 122880K, used 100134K [0x0000000700000000, 0x0000000800000000)
  region size 2048K, 36 young (73728K), 3 survivors (6144K)
 Metaspace       used 42568K, committed 43072K, reserved 1114112K
  class space    used 6046K, committed 6272K, reserved 1048576K
}
Event: 3.700 GC heap after
{Heap after GC invocations=11 (full 0):
 garbage-first heap   total 122880K, used 35021K [0x0000000700000000, 0x0000000800000000)
  region size 2048K, 4 young (8192K), 4 survivors (8192K)
 Metaspace       used 42568K, committed 43072K, reserved 1114112K
  class space    used 6046K, committed 6272K, reserved 1048576K
}
Event: 4.503 GC heap before
{Heap before GC invocations=12 (full 0):
 garbage-first heap   total 122880K, used 92365K [0x0000000700000000, 0x0000000800000000)
  region size 2048K, 32 young (65536K), 4 survivors (8192K)
 Metaspace       used 49552K, committed 50048K, reserved 1114112K
  class space    used 6997K, committed 7232K, reserved 1048576K
}
Event: 4.507 GC heap after
{Heap after GC invocations=13 (full 0):
 garbage-first heap   total 122880K, used 37551K [0x0000000700000000, 0x0000000800000000)
  region size 2048K, 4 young (8192K), 4 survivors (8192K)
 Metaspace       used 49552K, committed 50048K, reserved 1114112K
  class space    used 6997K, committed 7232K, reserved 1048576K
}
Event: 5.144 GC heap before
{Heap before GC invocations=13 (full 0):
 garbage-first heap   total 122880K, used 92847K [0x0000000700000000, 0x0000000800000000)
  region size 2048K, 32 young (65536K), 4 survivors (8192K)
 Metaspace       used 54796K, committed 55424K, reserved 1114112K
  class space    used 7795K, committed 8128K, reserved 1048576K
}
Event: 5.148 GC heap after
{Heap after GC invocations=14 (full 0):
 garbage-first heap   total 122880K, used 40452K [0x0000000700000000, 0x0000000800000000)
  region size 2048K, 3 young (6144K), 3 survivors (6144K)
 Metaspace       used 54796K, committed 55424K, reserved 1114112K
  class space    used 7795K, committed 8128K, reserved 1048576K
}

